2023-10-30 15:07:14,092 | INFO | MainProcess | MainThread | Projects folder: ./sample_projects/*
2023-10-30 15:07:14,985 | INFO | MainProcess | MainThread | Home Dir: /Users/yale/Repositories/livenodes/smart-studio
2023-10-30 15:07:14,985 | INFO | MainProcess | MainThread | CWD: /Users/yale/Repositories/livenodes/smart-studio
2023-10-30 15:07:16,632 | INFO | MainProcess | MainThread | Debugging: ./sample_projects/calculator/./pipelines/asd.json
2023-10-30 15:07:16,632 | INFO | MainProcess | MainThread | CWD: /Users/yale/Repositories/livenodes/smart-studio/sample_projects/calculator
2023-10-30 15:07:23,544 | INFO | MainProcess | MainThread | Back to Home Screen
2023-10-30 15:07:23,544 | INFO | MainProcess | MainThread | CWD: /Users/yale/Repositories/livenodes/smart-studio
2023-10-30 15:07:23,584 | INFO | MainProcess | MainThread | Ref count old view (Home) 5
2023-10-30 15:07:23,584 | INFO | MainProcess | MainThread | Nr of views: 1
2023-10-30 15:07:25,951 | INFO | MainProcess | MainThread | Debugging: ./sample_projects/calculator/./pipelines/asd.json
2023-10-30 15:07:25,951 | INFO | MainProcess | MainThread | CWD: /Users/yale/Repositories/livenodes/smart-studio/sample_projects/calculator
2023-10-30 15:07:26,039 | DEBUG | MainProcess | MainThread | ======= Display Channel Data [Print_data] qt emitted signal True
2023-10-30 15:07:26,039 | DEBUG | MainProcess | MainThread | ======= Display Channel Data_1 [Print_data] qt emitted signal True
2023-10-30 15:07:26,039 | DEBUG | MainProcess | MainThread | ======= Display Channel Data_1_1 [Print_data] qt emitted signal True
2023-10-30 15:07:26,039 | DEBUG | MainProcess | MainThread | ======= Data input [In_function] qt emitted signal True
2023-10-30 15:07:27,198 | INFO | LN-Executor | MainThread | Starting Worker
2023-10-30 15:07:27,198 | INFO | LN-Executor | MainThread | Starting Worker
2023-10-30 15:07:29,044 | INFO | LN-Executor | MainThread | Stopping Worker
2023-10-30 15:07:29,044 | INFO | LN-Executor | MainThread | Stopping Worker
2023-10-30 15:07:31,048 | INFO | LN-Executor | MainThread | Worker Stopped
2023-10-30 15:07:31,048 | INFO | LN-Executor | MainThread | Worker Stopped
2023-10-30 15:07:32,144 | INFO | MainProcess | MainThread | Back to Home Screen
2023-10-30 15:07:32,144 | INFO | MainProcess | MainThread | CWD: /Users/yale/Repositories/livenodes/smart-studio
2023-10-30 15:07:32,184 | INFO | MainProcess | MainThread | Ref count old view (Home) 5
2023-10-30 15:07:32,184 | INFO | MainProcess | MainThread | Nr of views: 1
2023-10-30 15:07:36,495 | INFO | MainProcess | MainThread | Configuring: ./sample_projects/calculator/./pipelines/asd.json
2023-10-30 15:07:36,495 | INFO | MainProcess | MainThread | CWD: /Users/yale/Repositories/livenodes/smart-studio/sample_projects/calculator
2023-10-30 15:07:36,499 | INFO | MainProcess | MainThread | Allowed directions: <Port_Data: Data>  <Port_List_Str: Channel Names>
2023-10-30 15:07:36,499 | INFO | MainProcess | MainThread | Allowed directions: <Port_Data: Data>  <Port_List_Str: Annotation>
2023-10-30 15:07:36,499 | INFO | MainProcess | MainThread | Allowed directions: <Port_Data: Data> <--> <Port_Any: Data 1>
2023-10-30 15:07:36,499 | INFO | MainProcess | MainThread | Allowed directions: <Port_Data: Data> <--> <Port_Any: Data 2>
2023-10-30 15:07:36,499 | INFO | MainProcess | MainThread | Allowed directions: <Port_Data: Data> -> <Port_Int: Toggle>
2023-10-30 15:07:36,499 | INFO | MainProcess | MainThread | Allowed directions: <Port_Data: Data> <--> <Port_Any: Data>
2023-10-30 15:07:36,499 | INFO | MainProcess | MainThread | Allowed directions: <Port_Data: Data> <--> <Port_Data: Stream>
2023-10-30 15:07:36,499 | INFO | MainProcess | MainThread | Allowed directions: <Port_Data: Data> <--> <Port_Data: Stream_segs>
2023-10-30 15:07:36,499 | INFO | MainProcess | MainThread | Allowed directions: <Port_Data: Data>  <Port_Matrix_Number: Sim>
2023-10-30 15:07:36,499 | INFO | MainProcess | MainThread | Allowed directions: <Port_Data: Data>  <Port_Matrix_Number: SSM>
2023-10-30 15:07:36,499 | INFO | MainProcess | MainThread | Allowed directions: <Port_Data: Data> <--> <Port_np_compatible: Trigger 1>
2023-10-30 15:07:36,499 | INFO | MainProcess | MainThread | Allowed directions: <Port_Data: Data> <--> <Port_np_compatible: Trigger 2>
2023-10-30 15:07:36,500 | INFO | MainProcess | MainThread | Allowed directions: <Port_Data: Data> <--> <Port_np_compatible: Trigger>
2023-10-30 15:07:36,500 | INFO | MainProcess | MainThread | Allowed directions: <Port_Data: Data>  <Port_ListUnique_Str: Channel Names>
2023-10-30 15:07:36,500 | INFO | MainProcess | MainThread | Allowed directions: <Port_Data: Data> -> <Port_List_Int: File>
2023-10-30 15:07:36,500 | INFO | MainProcess | MainThread | Allowed directions: <Port_Data: Data>  <Port_Dict: Meta>
2023-10-30 15:07:36,500 | INFO | MainProcess | MainThread | Allowed directions: <Port_Data: Data>  <Port_Number: Percent>
2023-10-30 15:07:36,500 | INFO | MainProcess | MainThread | Allowed directions: <Port_Data: Data> <--> <Port_Any: Any>
2023-10-30 15:07:36,500 | INFO | MainProcess | MainThread | Allowed directions: <Port_Data: Data> -> <Port_Int: Trigger>
2023-10-30 15:07:36,500 | INFO | MainProcess | MainThread | Allowed directions: <Port_Data: Data> -> <Port_Int: Time to Event>
2023-10-30 15:07:36,500 | INFO | MainProcess | MainThread | Allowed directions: <Port_Data: Data> <--> <Port_np_compatible: Data NP>
2023-10-30 15:07:36,500 | INFO | MainProcess | MainThread | Allowed directions: <Port_Data: Data> <--> <Port_np_compatible: Data 1>
2023-10-30 15:07:36,500 | INFO | MainProcess | MainThread | Allowed directions: <Port_Data: Data> <--> <Port_np_compatible: Data 2>
2023-10-30 15:07:36,500 | INFO | MainProcess | MainThread | Allowed directions: <Port_Data: Data> <--> <Port_Any: Input>
2023-10-30 15:07:36,500 | INFO | MainProcess | MainThread | Allowed directions: <Port_Data: Data> <--> <Port_Any: Sync>
2023-10-30 15:07:36,500 | INFO | MainProcess | MainThread | Allowed directions: <Port_Data: Data> -> <Port_stringable: Text>
2023-10-30 15:07:36,500 | INFO | MainProcess | MainThread | Allowed directions: <Port_List_Str: Channel Names> <--> <Port_List_Str: Annotation>
2023-10-30 15:07:36,500 | INFO | MainProcess | MainThread | Allowed directions: <Port_List_Str: Channel Names> <--> <Port_Any: Data 1>
2023-10-30 15:07:36,500 | INFO | MainProcess | MainThread | Allowed directions: <Port_List_Str: Channel Names> <--> <Port_Any: Data 2>
2023-10-30 15:07:36,500 | INFO | MainProcess | MainThread | Allowed directions: <Port_List_Str: Channel Names> -> <Port_Int: Toggle>
2023-10-30 15:07:36,500 | INFO | MainProcess | MainThread | Allowed directions: <Port_List_Str: Channel Names> <--> <Port_Any: Data>
2023-10-30 15:07:36,500 | INFO | MainProcess | MainThread | Allowed directions: <Port_List_Str: Channel Names>  <Port_Data: Stream>
2023-10-30 15:07:36,500 | INFO | MainProcess | MainThread | Allowed directions: <Port_List_Str: Channel Names>  <Port_Data: Stream_segs>
2023-10-30 15:07:36,500 | INFO | MainProcess | MainThread | Allowed directions: <Port_List_Str: Channel Names>  <Port_Matrix_Number: Sim>
2023-10-30 15:07:36,501 | INFO | MainProcess | MainThread | Allowed directions: <Port_List_Str: Channel Names>  <Port_Matrix_Number: SSM>
2023-10-30 15:07:36,501 | INFO | MainProcess | MainThread | Allowed directions: <Port_List_Str: Channel Names>  <Port_np_compatible: Trigger 1>
2023-10-30 15:07:36,501 | INFO | MainProcess | MainThread | Allowed directions: <Port_List_Str: Channel Names>  <Port_np_compatible: Trigger 2>
2023-10-30 15:07:36,501 | INFO | MainProcess | MainThread | Allowed directions: <Port_List_Str: Channel Names>  <Port_np_compatible: Trigger>
2023-10-30 15:07:36,501 | INFO | MainProcess | MainThread | Allowed directions: <Port_List_Str: Channel Names> <--> <Port_ListUnique_Str: Channel Names>
2023-10-30 15:07:36,501 | INFO | MainProcess | MainThread | Allowed directions: <Port_List_Str: Channel Names> -> <Port_List_Int: File>
2023-10-30 15:07:36,501 | INFO | MainProcess | MainThread | Allowed directions: <Port_List_Str: Channel Names>  <Port_Dict: Meta>
2023-10-30 15:07:36,501 | INFO | MainProcess | MainThread | Allowed directions: <Port_List_Str: Channel Names>  <Port_Number: Percent>
2023-10-30 15:07:36,501 | INFO | MainProcess | MainThread | Allowed directions: <Port_List_Str: Channel Names> <--> <Port_Any: Any>
2023-10-30 15:07:36,501 | INFO | MainProcess | MainThread | Allowed directions: <Port_List_Str: Channel Names> -> <Port_Int: Trigger>
2023-10-30 15:07:36,501 | INFO | MainProcess | MainThread | Allowed directions: <Port_List_Str: Channel Names> -> <Port_Int: Time to Event>
2023-10-30 15:07:36,501 | INFO | MainProcess | MainThread | Allowed directions: <Port_List_Str: Channel Names>  <Port_np_compatible: Data NP>
2023-10-30 15:07:36,501 | INFO | MainProcess | MainThread | Allowed directions: <Port_List_Str: Channel Names>  <Port_np_compatible: Data 1>
2023-10-30 15:07:36,501 | INFO | MainProcess | MainThread | Allowed directions: <Port_List_Str: Channel Names>  <Port_np_compatible: Data 2>
2023-10-30 15:07:36,501 | INFO | MainProcess | MainThread | Allowed directions: <Port_List_Str: Channel Names> <--> <Port_Any: Input>
2023-10-30 15:07:36,501 | INFO | MainProcess | MainThread | Allowed directions: <Port_List_Str: Channel Names> <--> <Port_Any: Sync>
2023-10-30 15:07:36,501 | INFO | MainProcess | MainThread | Allowed directions: <Port_List_Str: Channel Names> <--> <Port_stringable: Text>
2023-10-30 15:07:36,501 | INFO | MainProcess | MainThread | Allowed directions: <Port_List_Str: Annotation> <--> <Port_Any: Data 1>
2023-10-30 15:07:36,501 | INFO | MainProcess | MainThread | Allowed directions: <Port_List_Str: Annotation> <--> <Port_Any: Data 2>
2023-10-30 15:07:36,501 | INFO | MainProcess | MainThread | Allowed directions: <Port_List_Str: Annotation> -> <Port_Int: Toggle>
2023-10-30 15:07:36,502 | INFO | MainProcess | MainThread | Allowed directions: <Port_List_Str: Annotation> <--> <Port_Any: Data>
2023-10-30 15:07:36,502 | INFO | MainProcess | MainThread | Allowed directions: <Port_List_Str: Annotation>  <Port_Data: Stream>
2023-10-30 15:07:36,502 | INFO | MainProcess | MainThread | Allowed directions: <Port_List_Str: Annotation>  <Port_Data: Stream_segs>
2023-10-30 15:07:36,502 | INFO | MainProcess | MainThread | Allowed directions: <Port_List_Str: Annotation>  <Port_Matrix_Number: Sim>
2023-10-30 15:07:36,502 | INFO | MainProcess | MainThread | Allowed directions: <Port_List_Str: Annotation>  <Port_Matrix_Number: SSM>
2023-10-30 15:07:36,502 | INFO | MainProcess | MainThread | Allowed directions: <Port_List_Str: Annotation>  <Port_np_compatible: Trigger 1>
2023-10-30 15:07:36,502 | INFO | MainProcess | MainThread | Allowed directions: <Port_List_Str: Annotation>  <Port_np_compatible: Trigger 2>
2023-10-30 15:07:36,502 | INFO | MainProcess | MainThread | Allowed directions: <Port_List_Str: Annotation>  <Port_np_compatible: Trigger>
2023-10-30 15:07:36,502 | INFO | MainProcess | MainThread | Allowed directions: <Port_List_Str: Annotation> <--> <Port_ListUnique_Str: Channel Names>
2023-10-30 15:07:36,502 | INFO | MainProcess | MainThread | Allowed directions: <Port_List_Str: Annotation> -> <Port_List_Int: File>
2023-10-30 15:07:36,502 | INFO | MainProcess | MainThread | Allowed directions: <Port_List_Str: Annotation>  <Port_Dict: Meta>
2023-10-30 15:07:36,502 | INFO | MainProcess | MainThread | Allowed directions: <Port_List_Str: Annotation>  <Port_Number: Percent>
2023-10-30 15:07:36,502 | INFO | MainProcess | MainThread | Allowed directions: <Port_List_Str: Annotation> <--> <Port_Any: Any>
2023-10-30 15:07:36,502 | INFO | MainProcess | MainThread | Allowed directions: <Port_List_Str: Annotation> -> <Port_Int: Trigger>
2023-10-30 15:07:36,502 | INFO | MainProcess | MainThread | Allowed directions: <Port_List_Str: Annotation> -> <Port_Int: Time to Event>
2023-10-30 15:07:36,502 | INFO | MainProcess | MainThread | Allowed directions: <Port_List_Str: Annotation>  <Port_np_compatible: Data NP>
2023-10-30 15:07:36,502 | INFO | MainProcess | MainThread | Allowed directions: <Port_List_Str: Annotation>  <Port_np_compatible: Data 1>
2023-10-30 15:07:36,502 | INFO | MainProcess | MainThread | Allowed directions: <Port_List_Str: Annotation>  <Port_np_compatible: Data 2>
2023-10-30 15:07:36,502 | INFO | MainProcess | MainThread | Allowed directions: <Port_List_Str: Annotation> <--> <Port_Any: Input>
2023-10-30 15:07:36,502 | INFO | MainProcess | MainThread | Allowed directions: <Port_List_Str: Annotation> <--> <Port_Any: Sync>
2023-10-30 15:07:36,502 | INFO | MainProcess | MainThread | Allowed directions: <Port_List_Str: Annotation> <--> <Port_stringable: Text>
2023-10-30 15:07:36,502 | INFO | MainProcess | MainThread | Allowed directions: <Port_Any: Data 1> <--> <Port_Any: Data 2>
2023-10-30 15:07:36,503 | INFO | MainProcess | MainThread | Allowed directions: <Port_Any: Data 1> <--> <Port_Int: Toggle>
2023-10-30 15:07:36,503 | INFO | MainProcess | MainThread | Allowed directions: <Port_Any: Data 1> <--> <Port_Any: Data>
2023-10-30 15:07:36,503 | INFO | MainProcess | MainThread | Allowed directions: <Port_Any: Data 1> <--> <Port_Data: Stream>
2023-10-30 15:07:36,503 | INFO | MainProcess | MainThread | Allowed directions: <Port_Any: Data 1> <--> <Port_Data: Stream_segs>
2023-10-30 15:07:36,503 | INFO | MainProcess | MainThread | Allowed directions: <Port_Any: Data 1> <--> <Port_Matrix_Number: Sim>
2023-10-30 15:07:36,503 | INFO | MainProcess | MainThread | Allowed directions: <Port_Any: Data 1> <--> <Port_Matrix_Number: SSM>
2023-10-30 15:07:36,503 | INFO | MainProcess | MainThread | Allowed directions: <Port_Any: Data 1> <--> <Port_np_compatible: Trigger 1>
2023-10-30 15:07:36,503 | INFO | MainProcess | MainThread | Allowed directions: <Port_Any: Data 1> <--> <Port_np_compatible: Trigger 2>
2023-10-30 15:07:36,503 | INFO | MainProcess | MainThread | Allowed directions: <Port_Any: Data 1> <--> <Port_np_compatible: Trigger>
2023-10-30 15:07:36,503 | INFO | MainProcess | MainThread | Allowed directions: <Port_Any: Data 1> <--> <Port_ListUnique_Str: Channel Names>
2023-10-30 15:07:36,503 | INFO | MainProcess | MainThread | Allowed directions: <Port_Any: Data 1> <--> <Port_List_Int: File>
2023-10-30 15:07:36,503 | INFO | MainProcess | MainThread | Allowed directions: <Port_Any: Data 1> <- <Port_Dict: Meta>
2023-10-30 15:07:36,503 | INFO | MainProcess | MainThread | Allowed directions: <Port_Any: Data 1> <--> <Port_Number: Percent>
2023-10-30 15:07:36,503 | INFO | MainProcess | MainThread | Allowed directions: <Port_Any: Data 1> <--> <Port_Any: Any>
2023-10-30 15:07:36,503 | INFO | MainProcess | MainThread | Allowed directions: <Port_Any: Data 1> <--> <Port_Int: Trigger>
2023-10-30 15:07:36,503 | INFO | MainProcess | MainThread | Allowed directions: <Port_Any: Data 1> <--> <Port_Int: Time to Event>
2023-10-30 15:07:36,503 | INFO | MainProcess | MainThread | Allowed directions: <Port_Any: Data 1> <--> <Port_np_compatible: Data NP>
2023-10-30 15:07:36,503 | INFO | MainProcess | MainThread | Allowed directions: <Port_Any: Data 1> <--> <Port_np_compatible: Data 1>
2023-10-30 15:07:36,503 | INFO | MainProcess | MainThread | Allowed directions: <Port_Any: Data 1> <--> <Port_np_compatible: Data 2>
2023-10-30 15:07:36,503 | INFO | MainProcess | MainThread | Allowed directions: <Port_Any: Data 1> <--> <Port_Any: Input>
2023-10-30 15:07:36,503 | INFO | MainProcess | MainThread | Allowed directions: <Port_Any: Data 1> <--> <Port_Any: Sync>
2023-10-30 15:07:36,504 | INFO | MainProcess | MainThread | Allowed directions: <Port_Any: Data 1> <--> <Port_stringable: Text>
2023-10-30 15:07:36,504 | INFO | MainProcess | MainThread | Allowed directions: <Port_Any: Data 2> <--> <Port_Int: Toggle>
2023-10-30 15:07:36,504 | INFO | MainProcess | MainThread | Allowed directions: <Port_Any: Data 2> <--> <Port_Any: Data>
2023-10-30 15:07:36,504 | INFO | MainProcess | MainThread | Allowed directions: <Port_Any: Data 2> <--> <Port_Data: Stream>
2023-10-30 15:07:36,504 | INFO | MainProcess | MainThread | Allowed directions: <Port_Any: Data 2> <--> <Port_Data: Stream_segs>
2023-10-30 15:07:36,504 | INFO | MainProcess | MainThread | Allowed directions: <Port_Any: Data 2> <--> <Port_Matrix_Number: Sim>
2023-10-30 15:07:36,504 | INFO | MainProcess | MainThread | Allowed directions: <Port_Any: Data 2> <--> <Port_Matrix_Number: SSM>
2023-10-30 15:07:36,504 | INFO | MainProcess | MainThread | Allowed directions: <Port_Any: Data 2> <--> <Port_np_compatible: Trigger 1>
2023-10-30 15:07:36,504 | INFO | MainProcess | MainThread | Allowed directions: <Port_Any: Data 2> <--> <Port_np_compatible: Trigger 2>
2023-10-30 15:07:36,504 | INFO | MainProcess | MainThread | Allowed directions: <Port_Any: Data 2> <--> <Port_np_compatible: Trigger>
2023-10-30 15:07:36,504 | INFO | MainProcess | MainThread | Allowed directions: <Port_Any: Data 2> <--> <Port_ListUnique_Str: Channel Names>
2023-10-30 15:07:36,504 | INFO | MainProcess | MainThread | Allowed directions: <Port_Any: Data 2> <--> <Port_List_Int: File>
2023-10-30 15:07:36,504 | INFO | MainProcess | MainThread | Allowed directions: <Port_Any: Data 2> <- <Port_Dict: Meta>
2023-10-30 15:07:36,504 | INFO | MainProcess | MainThread | Allowed directions: <Port_Any: Data 2> <--> <Port_Number: Percent>
2023-10-30 15:07:36,504 | INFO | MainProcess | MainThread | Allowed directions: <Port_Any: Data 2> <--> <Port_Any: Any>
2023-10-30 15:07:36,504 | INFO | MainProcess | MainThread | Allowed directions: <Port_Any: Data 2> <--> <Port_Int: Trigger>
2023-10-30 15:07:36,504 | INFO | MainProcess | MainThread | Allowed directions: <Port_Any: Data 2> <--> <Port_Int: Time to Event>
2023-10-30 15:07:36,504 | INFO | MainProcess | MainThread | Allowed directions: <Port_Any: Data 2> <--> <Port_np_compatible: Data NP>
2023-10-30 15:07:36,504 | INFO | MainProcess | MainThread | Allowed directions: <Port_Any: Data 2> <--> <Port_np_compatible: Data 1>
2023-10-30 15:07:36,504 | INFO | MainProcess | MainThread | Allowed directions: <Port_Any: Data 2> <--> <Port_np_compatible: Data 2>
2023-10-30 15:07:36,505 | INFO | MainProcess | MainThread | Allowed directions: <Port_Any: Data 2> <--> <Port_Any: Input>
2023-10-30 15:07:36,505 | INFO | MainProcess | MainThread | Allowed directions: <Port_Any: Data 2> <--> <Port_Any: Sync>
2023-10-30 15:07:36,505 | INFO | MainProcess | MainThread | Allowed directions: <Port_Any: Data 2> <--> <Port_stringable: Text>
2023-10-30 15:07:36,505 | INFO | MainProcess | MainThread | Allowed directions: <Port_Int: Toggle> <--> <Port_Any: Data>
2023-10-30 15:07:36,505 | INFO | MainProcess | MainThread | Allowed directions: <Port_Int: Toggle> <- <Port_Data: Stream>
2023-10-30 15:07:36,505 | INFO | MainProcess | MainThread | Allowed directions: <Port_Int: Toggle> <- <Port_Data: Stream_segs>
2023-10-30 15:07:36,505 | INFO | MainProcess | MainThread | Allowed directions: <Port_Int: Toggle> <- <Port_Matrix_Number: Sim>
2023-10-30 15:07:36,505 | INFO | MainProcess | MainThread | Allowed directions: <Port_Int: Toggle> <- <Port_Matrix_Number: SSM>
2023-10-30 15:07:36,505 | INFO | MainProcess | MainThread | Allowed directions: <Port_Int: Toggle> <--> <Port_np_compatible: Trigger 1>
2023-10-30 15:07:36,505 | INFO | MainProcess | MainThread | Allowed directions: <Port_Int: Toggle> <--> <Port_np_compatible: Trigger 2>
2023-10-30 15:07:36,505 | INFO | MainProcess | MainThread | Allowed directions: <Port_Int: Toggle> <--> <Port_np_compatible: Trigger>
2023-10-30 15:07:36,505 | INFO | MainProcess | MainThread | Allowed directions: <Port_Int: Toggle> <- <Port_ListUnique_Str: Channel Names>
2023-10-30 15:07:36,505 | INFO | MainProcess | MainThread | Allowed directions: <Port_Int: Toggle> <- <Port_List_Int: File>
2023-10-30 15:07:36,505 | INFO | MainProcess | MainThread | Allowed directions: <Port_Int: Toggle> <- <Port_Dict: Meta>
2023-10-30 15:07:36,505 | INFO | MainProcess | MainThread | Allowed directions: <Port_Int: Toggle> <--> <Port_Number: Percent>
2023-10-30 15:07:36,505 | INFO | MainProcess | MainThread | Allowed directions: <Port_Int: Toggle> <--> <Port_Any: Any>
2023-10-30 15:07:36,505 | INFO | MainProcess | MainThread | Allowed directions: <Port_Int: Toggle> <--> <Port_Int: Trigger>
2023-10-30 15:07:36,505 | INFO | MainProcess | MainThread | Allowed directions: <Port_Int: Toggle> <--> <Port_Int: Time to Event>
2023-10-30 15:07:36,505 | INFO | MainProcess | MainThread | Allowed directions: <Port_Int: Toggle> <--> <Port_np_compatible: Data NP>
2023-10-30 15:07:36,505 | INFO | MainProcess | MainThread | Allowed directions: <Port_Int: Toggle> <--> <Port_np_compatible: Data 1>
2023-10-30 15:07:36,505 | INFO | MainProcess | MainThread | Allowed directions: <Port_Int: Toggle> <--> <Port_np_compatible: Data 2>
2023-10-30 15:07:36,505 | INFO | MainProcess | MainThread | Allowed directions: <Port_Int: Toggle> <--> <Port_Any: Input>
2023-10-30 15:07:36,505 | INFO | MainProcess | MainThread | Allowed directions: <Port_Int: Toggle> <--> <Port_Any: Sync>
2023-10-30 15:07:36,505 | INFO | MainProcess | MainThread | Allowed directions: <Port_Int: Toggle> <--> <Port_stringable: Text>
2023-10-30 15:07:36,505 | INFO | MainProcess | MainThread | Allowed directions: <Port_Any: Data> <--> <Port_Data: Stream>
2023-10-30 15:07:36,505 | INFO | MainProcess | MainThread | Allowed directions: <Port_Any: Data> <--> <Port_Data: Stream_segs>
2023-10-30 15:07:36,506 | INFO | MainProcess | MainThread | Allowed directions: <Port_Any: Data> <--> <Port_Matrix_Number: Sim>
2023-10-30 15:07:36,506 | INFO | MainProcess | MainThread | Allowed directions: <Port_Any: Data> <--> <Port_Matrix_Number: SSM>
2023-10-30 15:07:36,506 | INFO | MainProcess | MainThread | Allowed directions: <Port_Any: Data> <--> <Port_np_compatible: Trigger 1>
2023-10-30 15:07:36,506 | INFO | MainProcess | MainThread | Allowed directions: <Port_Any: Data> <--> <Port_np_compatible: Trigger 2>
2023-10-30 15:07:36,506 | INFO | MainProcess | MainThread | Allowed directions: <Port_Any: Data> <--> <Port_np_compatible: Trigger>
2023-10-30 15:07:36,506 | INFO | MainProcess | MainThread | Allowed directions: <Port_Any: Data> <--> <Port_ListUnique_Str: Channel Names>
2023-10-30 15:07:36,506 | INFO | MainProcess | MainThread | Allowed directions: <Port_Any: Data> <--> <Port_List_Int: File>
2023-10-30 15:07:36,506 | INFO | MainProcess | MainThread | Allowed directions: <Port_Any: Data> <- <Port_Dict: Meta>
2023-10-30 15:07:36,506 | INFO | MainProcess | MainThread | Allowed directions: <Port_Any: Data> <--> <Port_Number: Percent>
2023-10-30 15:07:36,506 | INFO | MainProcess | MainThread | Allowed directions: <Port_Any: Data> <--> <Port_Any: Any>
2023-10-30 15:07:36,506 | INFO | MainProcess | MainThread | Allowed directions: <Port_Any: Data> <--> <Port_Int: Trigger>
2023-10-30 15:07:36,506 | INFO | MainProcess | MainThread | Allowed directions: <Port_Any: Data> <--> <Port_Int: Time to Event>
2023-10-30 15:07:36,506 | INFO | MainProcess | MainThread | Allowed directions: <Port_Any: Data> <--> <Port_np_compatible: Data NP>
2023-10-30 15:07:36,506 | INFO | MainProcess | MainThread | Allowed directions: <Port_Any: Data> <--> <Port_np_compatible: Data 1>
2023-10-30 15:07:36,506 | INFO | MainProcess | MainThread | Allowed directions: <Port_Any: Data> <--> <Port_np_compatible: Data 2>
2023-10-30 15:07:36,506 | INFO | MainProcess | MainThread | Allowed directions: <Port_Any: Data> <--> <Port_Any: Input>
2023-10-30 15:07:36,506 | INFO | MainProcess | MainThread | Allowed directions: <Port_Any: Data> <--> <Port_Any: Sync>
2023-10-30 15:07:36,506 | INFO | MainProcess | MainThread | Allowed directions: <Port_Any: Data> <--> <Port_stringable: Text>
2023-10-30 15:07:36,506 | INFO | MainProcess | MainThread | Allowed directions: <Port_Data: Stream> <--> <Port_Data: Stream_segs>
2023-10-30 15:07:36,506 | INFO | MainProcess | MainThread | Allowed directions: <Port_Data: Stream>  <Port_Matrix_Number: Sim>
2023-10-30 15:07:36,506 | INFO | MainProcess | MainThread | Allowed directions: <Port_Data: Stream>  <Port_Matrix_Number: SSM>
2023-10-30 15:07:36,507 | INFO | MainProcess | MainThread | Allowed directions: <Port_Data: Stream> <--> <Port_np_compatible: Trigger 1>
2023-10-30 15:07:36,507 | INFO | MainProcess | MainThread | Allowed directions: <Port_Data: Stream> <--> <Port_np_compatible: Trigger 2>
2023-10-30 15:07:36,507 | INFO | MainProcess | MainThread | Allowed directions: <Port_Data: Stream> <--> <Port_np_compatible: Trigger>
2023-10-30 15:07:36,507 | INFO | MainProcess | MainThread | Allowed directions: <Port_Data: Stream>  <Port_ListUnique_Str: Channel Names>
2023-10-30 15:07:36,507 | INFO | MainProcess | MainThread | Allowed directions: <Port_Data: Stream> -> <Port_List_Int: File>
2023-10-30 15:07:36,507 | INFO | MainProcess | MainThread | Allowed directions: <Port_Data: Stream>  <Port_Dict: Meta>
2023-10-30 15:07:36,507 | INFO | MainProcess | MainThread | Allowed directions: <Port_Data: Stream>  <Port_Number: Percent>
2023-10-30 15:07:36,507 | INFO | MainProcess | MainThread | Allowed directions: <Port_Data: Stream> <--> <Port_Any: Any>
2023-10-30 15:07:36,507 | INFO | MainProcess | MainThread | Allowed directions: <Port_Data: Stream> -> <Port_Int: Trigger>
2023-10-30 15:07:36,507 | INFO | MainProcess | MainThread | Allowed directions: <Port_Data: Stream> -> <Port_Int: Time to Event>
2023-10-30 15:07:36,507 | INFO | MainProcess | MainThread | Allowed directions: <Port_Data: Stream> <--> <Port_np_compatible: Data NP>
2023-10-30 15:07:36,507 | INFO | MainProcess | MainThread | Allowed directions: <Port_Data: Stream> <--> <Port_np_compatible: Data 1>
2023-10-30 15:07:36,507 | INFO | MainProcess | MainThread | Allowed directions: <Port_Data: Stream> <--> <Port_np_compatible: Data 2>
2023-10-30 15:07:36,507 | INFO | MainProcess | MainThread | Allowed directions: <Port_Data: Stream> <--> <Port_Any: Input>
2023-10-30 15:07:36,507 | INFO | MainProcess | MainThread | Allowed directions: <Port_Data: Stream> <--> <Port_Any: Sync>
2023-10-30 15:07:36,507 | INFO | MainProcess | MainThread | Allowed directions: <Port_Data: Stream> -> <Port_stringable: Text>
2023-10-30 15:07:36,507 | INFO | MainProcess | MainThread | Allowed directions: <Port_Data: Stream_segs>  <Port_Matrix_Number: Sim>
2023-10-30 15:07:36,507 | INFO | MainProcess | MainThread | Allowed directions: <Port_Data: Stream_segs>  <Port_Matrix_Number: SSM>
2023-10-30 15:07:36,507 | INFO | MainProcess | MainThread | Allowed directions: <Port_Data: Stream_segs> <--> <Port_np_compatible: Trigger 1>
2023-10-30 15:07:36,507 | INFO | MainProcess | MainThread | Allowed directions: <Port_Data: Stream_segs> <--> <Port_np_compatible: Trigger 2>
2023-10-30 15:07:36,507 | INFO | MainProcess | MainThread | Allowed directions: <Port_Data: Stream_segs> <--> <Port_np_compatible: Trigger>
2023-10-30 15:07:36,507 | INFO | MainProcess | MainThread | Allowed directions: <Port_Data: Stream_segs>  <Port_ListUnique_Str: Channel Names>
2023-10-30 15:07:36,508 | INFO | MainProcess | MainThread | Allowed directions: <Port_Data: Stream_segs> -> <Port_List_Int: File>
2023-10-30 15:07:36,508 | INFO | MainProcess | MainThread | Allowed directions: <Port_Data: Stream_segs>  <Port_Dict: Meta>
2023-10-30 15:07:36,508 | INFO | MainProcess | MainThread | Allowed directions: <Port_Data: Stream_segs>  <Port_Number: Percent>
2023-10-30 15:07:36,508 | INFO | MainProcess | MainThread | Allowed directions: <Port_Data: Stream_segs> <--> <Port_Any: Any>
2023-10-30 15:07:36,508 | INFO | MainProcess | MainThread | Allowed directions: <Port_Data: Stream_segs> -> <Port_Int: Trigger>
2023-10-30 15:07:36,508 | INFO | MainProcess | MainThread | Allowed directions: <Port_Data: Stream_segs> -> <Port_Int: Time to Event>
2023-10-30 15:07:36,508 | INFO | MainProcess | MainThread | Allowed directions: <Port_Data: Stream_segs> <--> <Port_np_compatible: Data NP>
2023-10-30 15:07:36,508 | INFO | MainProcess | MainThread | Allowed directions: <Port_Data: Stream_segs> <--> <Port_np_compatible: Data 1>
2023-10-30 15:07:36,508 | INFO | MainProcess | MainThread | Allowed directions: <Port_Data: Stream_segs> <--> <Port_np_compatible: Data 2>
2023-10-30 15:07:36,508 | INFO | MainProcess | MainThread | Allowed directions: <Port_Data: Stream_segs> <--> <Port_Any: Input>
2023-10-30 15:07:36,508 | INFO | MainProcess | MainThread | Allowed directions: <Port_Data: Stream_segs> <--> <Port_Any: Sync>
2023-10-30 15:07:36,508 | INFO | MainProcess | MainThread | Allowed directions: <Port_Data: Stream_segs> -> <Port_stringable: Text>
2023-10-30 15:07:36,508 | INFO | MainProcess | MainThread | Allowed directions: <Port_Matrix_Number: Sim> <--> <Port_Matrix_Number: SSM>
2023-10-30 15:07:36,508 | INFO | MainProcess | MainThread | Allowed directions: <Port_Matrix_Number: Sim> -> <Port_np_compatible: Trigger 1>
2023-10-30 15:07:36,508 | INFO | MainProcess | MainThread | Allowed directions: <Port_Matrix_Number: Sim> -> <Port_np_compatible: Trigger 2>
2023-10-30 15:07:36,508 | INFO | MainProcess | MainThread | Allowed directions: <Port_Matrix_Number: Sim> -> <Port_np_compatible: Trigger>
2023-10-30 15:07:36,508 | INFO | MainProcess | MainThread | Allowed directions: <Port_Matrix_Number: Sim>  <Port_ListUnique_Str: Channel Names>
2023-10-30 15:07:36,508 | INFO | MainProcess | MainThread | Allowed directions: <Port_Matrix_Number: Sim> -> <Port_List_Int: File>
2023-10-30 15:07:36,508 | INFO | MainProcess | MainThread | Allowed directions: <Port_Matrix_Number: Sim>  <Port_Dict: Meta>
2023-10-30 15:07:36,508 | INFO | MainProcess | MainThread | Allowed directions: <Port_Matrix_Number: Sim>  <Port_Number: Percent>
2023-10-30 15:07:36,508 | INFO | MainProcess | MainThread | Allowed directions: <Port_Matrix_Number: Sim> <--> <Port_Any: Any>
2023-10-30 15:07:36,508 | INFO | MainProcess | MainThread | Allowed directions: <Port_Matrix_Number: Sim> -> <Port_Int: Trigger>
2023-10-30 15:07:36,509 | INFO | MainProcess | MainThread | Allowed directions: <Port_Matrix_Number: Sim> -> <Port_Int: Time to Event>
2023-10-30 15:07:36,509 | INFO | MainProcess | MainThread | Allowed directions: <Port_Matrix_Number: Sim> -> <Port_np_compatible: Data NP>
2023-10-30 15:07:36,509 | INFO | MainProcess | MainThread | Allowed directions: <Port_Matrix_Number: Sim> -> <Port_np_compatible: Data 1>
2023-10-30 15:07:36,509 | INFO | MainProcess | MainThread | Allowed directions: <Port_Matrix_Number: Sim> -> <Port_np_compatible: Data 2>
2023-10-30 15:07:36,509 | INFO | MainProcess | MainThread | Allowed directions: <Port_Matrix_Number: Sim> <--> <Port_Any: Input>
2023-10-30 15:07:36,509 | INFO | MainProcess | MainThread | Allowed directions: <Port_Matrix_Number: Sim> <--> <Port_Any: Sync>
2023-10-30 15:07:36,509 | INFO | MainProcess | MainThread | Allowed directions: <Port_Matrix_Number: Sim> -> <Port_stringable: Text>
2023-10-30 15:07:36,509 | INFO | MainProcess | MainThread | Allowed directions: <Port_Matrix_Number: SSM> -> <Port_np_compatible: Trigger 1>
2023-10-30 15:07:36,509 | INFO | MainProcess | MainThread | Allowed directions: <Port_Matrix_Number: SSM> -> <Port_np_compatible: Trigger 2>
2023-10-30 15:07:36,509 | INFO | MainProcess | MainThread | Allowed directions: <Port_Matrix_Number: SSM> -> <Port_np_compatible: Trigger>
2023-10-30 15:07:36,509 | INFO | MainProcess | MainThread | Allowed directions: <Port_Matrix_Number: SSM>  <Port_ListUnique_Str: Channel Names>
2023-10-30 15:07:36,509 | INFO | MainProcess | MainThread | Allowed directions: <Port_Matrix_Number: SSM> -> <Port_List_Int: File>
2023-10-30 15:07:36,509 | INFO | MainProcess | MainThread | Allowed directions: <Port_Matrix_Number: SSM>  <Port_Dict: Meta>
2023-10-30 15:07:36,509 | INFO | MainProcess | MainThread | Allowed directions: <Port_Matrix_Number: SSM>  <Port_Number: Percent>
2023-10-30 15:07:36,509 | INFO | MainProcess | MainThread | Allowed directions: <Port_Matrix_Number: SSM> <--> <Port_Any: Any>
2023-10-30 15:07:36,509 | INFO | MainProcess | MainThread | Allowed directions: <Port_Matrix_Number: SSM> -> <Port_Int: Trigger>
2023-10-30 15:07:36,509 | INFO | MainProcess | MainThread | Allowed directions: <Port_Matrix_Number: SSM> -> <Port_Int: Time to Event>
2023-10-30 15:07:36,509 | INFO | MainProcess | MainThread | Allowed directions: <Port_Matrix_Number: SSM> -> <Port_np_compatible: Data NP>
2023-10-30 15:07:36,509 | INFO | MainProcess | MainThread | Allowed directions: <Port_Matrix_Number: SSM> -> <Port_np_compatible: Data 1>
2023-10-30 15:07:36,510 | INFO | MainProcess | MainThread | Allowed directions: <Port_Matrix_Number: SSM> -> <Port_np_compatible: Data 2>
2023-10-30 15:07:36,510 | INFO | MainProcess | MainThread | Allowed directions: <Port_Matrix_Number: SSM> <--> <Port_Any: Input>
2023-10-30 15:07:36,510 | INFO | MainProcess | MainThread | Allowed directions: <Port_Matrix_Number: SSM> <--> <Port_Any: Sync>
2023-10-30 15:07:36,510 | INFO | MainProcess | MainThread | Allowed directions: <Port_Matrix_Number: SSM> -> <Port_stringable: Text>
2023-10-30 15:07:36,510 | INFO | MainProcess | MainThread | Allowed directions: <Port_np_compatible: Trigger 1> <--> <Port_np_compatible: Trigger 2>
2023-10-30 15:07:36,510 | INFO | MainProcess | MainThread | Allowed directions: <Port_np_compatible: Trigger 1> <--> <Port_np_compatible: Trigger>
2023-10-30 15:07:36,510 | INFO | MainProcess | MainThread | Allowed directions: <Port_np_compatible: Trigger 1>  <Port_ListUnique_Str: Channel Names>
2023-10-30 15:07:36,510 | INFO | MainProcess | MainThread | Allowed directions: <Port_np_compatible: Trigger 1> <--> <Port_List_Int: File>
2023-10-30 15:07:36,510 | INFO | MainProcess | MainThread | Allowed directions: <Port_np_compatible: Trigger 1>  <Port_Dict: Meta>
2023-10-30 15:07:36,510 | INFO | MainProcess | MainThread | Allowed directions: <Port_np_compatible: Trigger 1> <--> <Port_Number: Percent>
2023-10-30 15:07:36,510 | INFO | MainProcess | MainThread | Allowed directions: <Port_np_compatible: Trigger 1> <--> <Port_Any: Any>
2023-10-30 15:07:36,510 | INFO | MainProcess | MainThread | Allowed directions: <Port_np_compatible: Trigger 1> <--> <Port_Int: Trigger>
2023-10-30 15:07:36,510 | INFO | MainProcess | MainThread | Allowed directions: <Port_np_compatible: Trigger 1> <--> <Port_Int: Time to Event>
2023-10-30 15:07:36,510 | INFO | MainProcess | MainThread | Allowed directions: <Port_np_compatible: Trigger 1> <--> <Port_np_compatible: Data NP>
2023-10-30 15:07:36,510 | INFO | MainProcess | MainThread | Allowed directions: <Port_np_compatible: Trigger 1> <--> <Port_np_compatible: Data 1>
2023-10-30 15:07:36,510 | INFO | MainProcess | MainThread | Allowed directions: <Port_np_compatible: Trigger 1> <--> <Port_np_compatible: Data 2>
2023-10-30 15:07:36,510 | INFO | MainProcess | MainThread | Allowed directions: <Port_np_compatible: Trigger 1> <--> <Port_Any: Input>
2023-10-30 15:07:36,510 | INFO | MainProcess | MainThread | Allowed directions: <Port_np_compatible: Trigger 1> <--> <Port_Any: Sync>
2023-10-30 15:07:36,510 | INFO | MainProcess | MainThread | Allowed directions: <Port_np_compatible: Trigger 1> <--> <Port_stringable: Text>
2023-10-30 15:07:36,510 | INFO | MainProcess | MainThread | Allowed directions: <Port_np_compatible: Trigger 2> <--> <Port_np_compatible: Trigger>
2023-10-30 15:07:36,511 | INFO | MainProcess | MainThread | Allowed directions: <Port_np_compatible: Trigger 2>  <Port_ListUnique_Str: Channel Names>
2023-10-30 15:07:36,511 | INFO | MainProcess | MainThread | Allowed directions: <Port_np_compatible: Trigger 2> <--> <Port_List_Int: File>
2023-10-30 15:07:36,511 | INFO | MainProcess | MainThread | Allowed directions: <Port_np_compatible: Trigger 2>  <Port_Dict: Meta>
2023-10-30 15:07:36,511 | INFO | MainProcess | MainThread | Allowed directions: <Port_np_compatible: Trigger 2> <--> <Port_Number: Percent>
2023-10-30 15:07:36,511 | INFO | MainProcess | MainThread | Allowed directions: <Port_np_compatible: Trigger 2> <--> <Port_Any: Any>
2023-10-30 15:07:36,511 | INFO | MainProcess | MainThread | Allowed directions: <Port_np_compatible: Trigger 2> <--> <Port_Int: Trigger>
2023-10-30 15:07:36,511 | INFO | MainProcess | MainThread | Allowed directions: <Port_np_compatible: Trigger 2> <--> <Port_Int: Time to Event>
2023-10-30 15:07:36,511 | INFO | MainProcess | MainThread | Allowed directions: <Port_np_compatible: Trigger 2> <--> <Port_np_compatible: Data NP>
2023-10-30 15:07:36,511 | INFO | MainProcess | MainThread | Allowed directions: <Port_np_compatible: Trigger 2> <--> <Port_np_compatible: Data 1>
2023-10-30 15:07:36,511 | INFO | MainProcess | MainThread | Allowed directions: <Port_np_compatible: Trigger 2> <--> <Port_np_compatible: Data 2>
2023-10-30 15:07:36,511 | INFO | MainProcess | MainThread | Allowed directions: <Port_np_compatible: Trigger 2> <--> <Port_Any: Input>
2023-10-30 15:07:36,511 | INFO | MainProcess | MainThread | Allowed directions: <Port_np_compatible: Trigger 2> <--> <Port_Any: Sync>
2023-10-30 15:07:36,511 | INFO | MainProcess | MainThread | Allowed directions: <Port_np_compatible: Trigger 2> <--> <Port_stringable: Text>
2023-10-30 15:07:36,511 | INFO | MainProcess | MainThread | Allowed directions: <Port_np_compatible: Trigger>  <Port_ListUnique_Str: Channel Names>
2023-10-30 15:07:36,511 | INFO | MainProcess | MainThread | Allowed directions: <Port_np_compatible: Trigger> <--> <Port_List_Int: File>
2023-10-30 15:07:36,511 | INFO | MainProcess | MainThread | Allowed directions: <Port_np_compatible: Trigger>  <Port_Dict: Meta>
2023-10-30 15:07:36,511 | INFO | MainProcess | MainThread | Allowed directions: <Port_np_compatible: Trigger> <--> <Port_Number: Percent>
2023-10-30 15:07:36,511 | INFO | MainProcess | MainThread | Allowed directions: <Port_np_compatible: Trigger> <--> <Port_Any: Any>
2023-10-30 15:07:36,511 | INFO | MainProcess | MainThread | Allowed directions: <Port_np_compatible: Trigger> <--> <Port_Int: Trigger>
2023-10-30 15:07:36,511 | INFO | MainProcess | MainThread | Allowed directions: <Port_np_compatible: Trigger> <--> <Port_Int: Time to Event>
2023-10-30 15:07:36,511 | INFO | MainProcess | MainThread | Allowed directions: <Port_np_compatible: Trigger> <--> <Port_np_compatible: Data NP>
2023-10-30 15:07:36,511 | INFO | MainProcess | MainThread | Allowed directions: <Port_np_compatible: Trigger> <--> <Port_np_compatible: Data 1>
2023-10-30 15:07:36,512 | INFO | MainProcess | MainThread | Allowed directions: <Port_np_compatible: Trigger> <--> <Port_np_compatible: Data 2>
2023-10-30 15:07:36,512 | INFO | MainProcess | MainThread | Allowed directions: <Port_np_compatible: Trigger> <--> <Port_Any: Input>
2023-10-30 15:07:36,512 | INFO | MainProcess | MainThread | Allowed directions: <Port_np_compatible: Trigger> <--> <Port_Any: Sync>
2023-10-30 15:07:36,512 | INFO | MainProcess | MainThread | Allowed directions: <Port_np_compatible: Trigger> <--> <Port_stringable: Text>
2023-10-30 15:07:36,512 | INFO | MainProcess | MainThread | Allowed directions: <Port_ListUnique_Str: Channel Names> -> <Port_List_Int: File>
2023-10-30 15:07:36,512 | INFO | MainProcess | MainThread | Allowed directions: <Port_ListUnique_Str: Channel Names>  <Port_Dict: Meta>
2023-10-30 15:07:36,512 | INFO | MainProcess | MainThread | Allowed directions: <Port_ListUnique_Str: Channel Names>  <Port_Number: Percent>
2023-10-30 15:07:36,512 | INFO | MainProcess | MainThread | Allowed directions: <Port_ListUnique_Str: Channel Names> <--> <Port_Any: Any>
2023-10-30 15:07:36,512 | INFO | MainProcess | MainThread | Allowed directions: <Port_ListUnique_Str: Channel Names> -> <Port_Int: Trigger>
2023-10-30 15:07:36,512 | INFO | MainProcess | MainThread | Allowed directions: <Port_ListUnique_Str: Channel Names> -> <Port_Int: Time to Event>
2023-10-30 15:07:36,512 | INFO | MainProcess | MainThread | Allowed directions: <Port_ListUnique_Str: Channel Names>  <Port_np_compatible: Data NP>
2023-10-30 15:07:36,512 | INFO | MainProcess | MainThread | Allowed directions: <Port_ListUnique_Str: Channel Names>  <Port_np_compatible: Data 1>
2023-10-30 15:07:36,512 | INFO | MainProcess | MainThread | Allowed directions: <Port_ListUnique_Str: Channel Names>  <Port_np_compatible: Data 2>
2023-10-30 15:07:36,512 | INFO | MainProcess | MainThread | Allowed directions: <Port_ListUnique_Str: Channel Names> <--> <Port_Any: Input>
2023-10-30 15:07:36,512 | INFO | MainProcess | MainThread | Allowed directions: <Port_ListUnique_Str: Channel Names> <--> <Port_Any: Sync>
2023-10-30 15:07:36,512 | INFO | MainProcess | MainThread | Allowed directions: <Port_ListUnique_Str: Channel Names> <--> <Port_stringable: Text>
2023-10-30 15:07:36,512 | INFO | MainProcess | MainThread | Allowed directions: <Port_List_Int: File>  <Port_Dict: Meta>
2023-10-30 15:07:36,512 | INFO | MainProcess | MainThread | Allowed directions: <Port_List_Int: File>  <Port_Number: Percent>
2023-10-30 15:07:36,513 | INFO | MainProcess | MainThread | Allowed directions: <Port_List_Int: File> <--> <Port_Any: Any>
2023-10-30 15:07:36,513 | INFO | MainProcess | MainThread | Allowed directions: <Port_List_Int: File> -> <Port_Int: Trigger>
2023-10-30 15:07:36,513 | INFO | MainProcess | MainThread | Allowed directions: <Port_List_Int: File> -> <Port_Int: Time to Event>
2023-10-30 15:07:36,513 | INFO | MainProcess | MainThread | Allowed directions: <Port_List_Int: File> <--> <Port_np_compatible: Data NP>
2023-10-30 15:07:36,513 | INFO | MainProcess | MainThread | Allowed directions: <Port_List_Int: File> <--> <Port_np_compatible: Data 1>
2023-10-30 15:07:36,513 | INFO | MainProcess | MainThread | Allowed directions: <Port_List_Int: File> <--> <Port_np_compatible: Data 2>
2023-10-30 15:07:36,513 | INFO | MainProcess | MainThread | Allowed directions: <Port_List_Int: File> <--> <Port_Any: Input>
2023-10-30 15:07:36,513 | INFO | MainProcess | MainThread | Allowed directions: <Port_List_Int: File> <--> <Port_Any: Sync>
2023-10-30 15:07:36,513 | INFO | MainProcess | MainThread | Allowed directions: <Port_List_Int: File> <--> <Port_stringable: Text>
2023-10-30 15:07:36,513 | INFO | MainProcess | MainThread | Allowed directions: <Port_Dict: Meta>  <Port_Number: Percent>
2023-10-30 15:07:36,513 | INFO | MainProcess | MainThread | Allowed directions: <Port_Dict: Meta> -> <Port_Any: Any>
2023-10-30 15:07:36,513 | INFO | MainProcess | MainThread | Allowed directions: <Port_Dict: Meta> -> <Port_Int: Trigger>
2023-10-30 15:07:36,513 | INFO | MainProcess | MainThread | Allowed directions: <Port_Dict: Meta> -> <Port_Int: Time to Event>
2023-10-30 15:07:36,513 | INFO | MainProcess | MainThread | Allowed directions: <Port_Dict: Meta>  <Port_np_compatible: Data NP>
2023-10-30 15:07:36,513 | INFO | MainProcess | MainThread | Allowed directions: <Port_Dict: Meta>  <Port_np_compatible: Data 1>
2023-10-30 15:07:36,513 | INFO | MainProcess | MainThread | Allowed directions: <Port_Dict: Meta>  <Port_np_compatible: Data 2>
2023-10-30 15:07:36,513 | INFO | MainProcess | MainThread | Allowed directions: <Port_Dict: Meta> -> <Port_Any: Input>
2023-10-30 15:07:36,513 | INFO | MainProcess | MainThread | Allowed directions: <Port_Dict: Meta> -> <Port_Any: Sync>
2023-10-30 15:07:36,514 | INFO | MainProcess | MainThread | Allowed directions: <Port_Dict: Meta> -> <Port_stringable: Text>
2023-10-30 15:07:36,514 | INFO | MainProcess | MainThread | Allowed directions: <Port_Number: Percent> <--> <Port_Any: Any>
2023-10-30 15:07:36,514 | INFO | MainProcess | MainThread | Allowed directions: <Port_Number: Percent> <--> <Port_Int: Trigger>
2023-10-30 15:07:36,514 | INFO | MainProcess | MainThread | Allowed directions: <Port_Number: Percent> <--> <Port_Int: Time to Event>
2023-10-30 15:07:36,514 | INFO | MainProcess | MainThread | Allowed directions: <Port_Number: Percent> <--> <Port_np_compatible: Data NP>
2023-10-30 15:07:36,514 | INFO | MainProcess | MainThread | Allowed directions: <Port_Number: Percent> <--> <Port_np_compatible: Data 1>
2023-10-30 15:07:36,514 | INFO | MainProcess | MainThread | Allowed directions: <Port_Number: Percent> <--> <Port_np_compatible: Data 2>
2023-10-30 15:07:36,514 | INFO | MainProcess | MainThread | Allowed directions: <Port_Number: Percent> <--> <Port_Any: Input>
2023-10-30 15:07:36,514 | INFO | MainProcess | MainThread | Allowed directions: <Port_Number: Percent> <--> <Port_Any: Sync>
2023-10-30 15:07:36,514 | INFO | MainProcess | MainThread | Allowed directions: <Port_Number: Percent> <--> <Port_stringable: Text>
2023-10-30 15:07:36,514 | INFO | MainProcess | MainThread | Allowed directions: <Port_Any: Any> <--> <Port_Int: Trigger>
2023-10-30 15:07:36,514 | INFO | MainProcess | MainThread | Allowed directions: <Port_Any: Any> <--> <Port_Int: Time to Event>
2023-10-30 15:07:36,514 | INFO | MainProcess | MainThread | Allowed directions: <Port_Any: Any> <--> <Port_np_compatible: Data NP>
2023-10-30 15:07:36,514 | INFO | MainProcess | MainThread | Allowed directions: <Port_Any: Any> <--> <Port_np_compatible: Data 1>
2023-10-30 15:07:36,514 | INFO | MainProcess | MainThread | Allowed directions: <Port_Any: Any> <--> <Port_np_compatible: Data 2>
2023-10-30 15:07:36,514 | INFO | MainProcess | MainThread | Allowed directions: <Port_Any: Any> <--> <Port_Any: Input>
2023-10-30 15:07:36,514 | INFO | MainProcess | MainThread | Allowed directions: <Port_Any: Any> <--> <Port_Any: Sync>
2023-10-30 15:07:36,515 | INFO | MainProcess | MainThread | Allowed directions: <Port_Any: Any> <--> <Port_stringable: Text>
2023-10-30 15:07:36,515 | INFO | MainProcess | MainThread | Allowed directions: <Port_Int: Trigger> <--> <Port_Int: Time to Event>
2023-10-30 15:07:36,515 | INFO | MainProcess | MainThread | Allowed directions: <Port_Int: Trigger> <--> <Port_np_compatible: Data NP>
2023-10-30 15:07:36,515 | INFO | MainProcess | MainThread | Allowed directions: <Port_Int: Trigger> <--> <Port_np_compatible: Data 1>
2023-10-30 15:07:36,515 | INFO | MainProcess | MainThread | Allowed directions: <Port_Int: Trigger> <--> <Port_np_compatible: Data 2>
2023-10-30 15:07:36,515 | INFO | MainProcess | MainThread | Allowed directions: <Port_Int: Trigger> <--> <Port_Any: Input>
2023-10-30 15:07:36,515 | INFO | MainProcess | MainThread | Allowed directions: <Port_Int: Trigger> <--> <Port_Any: Sync>
2023-10-30 15:07:36,515 | INFO | MainProcess | MainThread | Allowed directions: <Port_Int: Trigger> <--> <Port_stringable: Text>
2023-10-30 15:07:36,515 | INFO | MainProcess | MainThread | Allowed directions: <Port_Int: Time to Event> <--> <Port_np_compatible: Data NP>
2023-10-30 15:07:36,515 | INFO | MainProcess | MainThread | Allowed directions: <Port_Int: Time to Event> <--> <Port_np_compatible: Data 1>
2023-10-30 15:07:36,515 | INFO | MainProcess | MainThread | Allowed directions: <Port_Int: Time to Event> <--> <Port_np_compatible: Data 2>
2023-10-30 15:07:36,515 | INFO | MainProcess | MainThread | Allowed directions: <Port_Int: Time to Event> <--> <Port_Any: Input>
2023-10-30 15:07:36,515 | INFO | MainProcess | MainThread | Allowed directions: <Port_Int: Time to Event> <--> <Port_Any: Sync>
2023-10-30 15:07:36,515 | INFO | MainProcess | MainThread | Allowed directions: <Port_Int: Time to Event> <--> <Port_stringable: Text>
2023-10-30 15:07:36,515 | INFO | MainProcess | MainThread | Allowed directions: <Port_np_compatible: Data NP> <--> <Port_np_compatible: Data 1>
2023-10-30 15:07:36,515 | INFO | MainProcess | MainThread | Allowed directions: <Port_np_compatible: Data NP> <--> <Port_np_compatible: Data 2>
2023-10-30 15:07:36,515 | INFO | MainProcess | MainThread | Allowed directions: <Port_np_compatible: Data NP> <--> <Port_Any: Input>
2023-10-30 15:07:36,515 | INFO | MainProcess | MainThread | Allowed directions: <Port_np_compatible: Data NP> <--> <Port_Any: Sync>
2023-10-30 15:07:36,515 | INFO | MainProcess | MainThread | Allowed directions: <Port_np_compatible: Data NP> <--> <Port_stringable: Text>
2023-10-30 15:07:36,515 | INFO | MainProcess | MainThread | Allowed directions: <Port_np_compatible: Data 1> <--> <Port_np_compatible: Data 2>
2023-10-30 15:07:36,515 | INFO | MainProcess | MainThread | Allowed directions: <Port_np_compatible: Data 1> <--> <Port_Any: Input>
2023-10-30 15:07:36,516 | INFO | MainProcess | MainThread | Allowed directions: <Port_np_compatible: Data 1> <--> <Port_Any: Sync>
2023-10-30 15:07:36,516 | INFO | MainProcess | MainThread | Allowed directions: <Port_np_compatible: Data 1> <--> <Port_stringable: Text>
2023-10-30 15:07:36,516 | INFO | MainProcess | MainThread | Allowed directions: <Port_np_compatible: Data 2> <--> <Port_Any: Input>
2023-10-30 15:07:36,516 | INFO | MainProcess | MainThread | Allowed directions: <Port_np_compatible: Data 2> <--> <Port_Any: Sync>
2023-10-30 15:07:36,516 | INFO | MainProcess | MainThread | Allowed directions: <Port_np_compatible: Data 2> <--> <Port_stringable: Text>
2023-10-30 15:07:36,516 | INFO | MainProcess | MainThread | Allowed directions: <Port_Any: Input> <--> <Port_Any: Sync>
2023-10-30 15:07:36,516 | INFO | MainProcess | MainThread | Allowed directions: <Port_Any: Input> <--> <Port_stringable: Text>
2023-10-30 15:07:36,516 | INFO | MainProcess | MainThread | Allowed directions: <Port_Any: Sync> <--> <Port_stringable: Text>
2023-10-30 15:07:46,455 | INFO | MainProcess | MainThread | Autolayout: trying planar_layout
2023-10-30 15:07:49,809 | INFO | MainProcess | MainThread | Back to Home Screen
2023-10-30 15:07:49,810 | INFO | MainProcess | MainThread | CWD: /Users/yale/Repositories/livenodes/smart-studio
2023-10-30 15:07:49,848 | INFO | MainProcess | MainThread | Ref count old view (Home) 6
2023-10-30 15:07:49,848 | INFO | MainProcess | MainThread | Nr of views: 1
2023-10-30 15:08:05,228 | INFO | MainProcess | MainThread | CWD: /Users/yale/Repositories/livenodes/smart-studio
